0 info it worked if it ends with ok
1 verbose cli [ 'C:\\Program Files\\nodejs\\node.exe',
1 verbose cli   'C:\\Program Files\\nodejs\\node_modules\\npm\\bin\\npm-cli.js',
1 verbose cli   'run',
1 verbose cli   'devstart' ]
2 info using npm@3.10.10
3 info using node@v6.11.2
4 verbose run-script [ 'predevstart', 'devstart', 'postdevstart' ]
5 info lifecycle express-locallibrary-tutorial@0.0.0~predevstart: express-locallibrary-tutorial@0.0.0
6 silly lifecycle express-locallibrary-tutorial@0.0.0~predevstart: no script for predevstart, continuing
7 info lifecycle express-locallibrary-tutorial@0.0.0~devstart: express-locallibrary-tutorial@0.0.0
8 verbose lifecycle express-locallibrary-tutorial@0.0.0~devstart: unsafe-perm in lifecycle true
9 verbose lifecycle express-locallibrary-tutorial@0.0.0~devstart: PATH: C:\Program Files\nodejs\node_modules\npm\bin\node-gyp-bin;C:\Users\lguerra\Desktop\Node\node.js\node_modules\.bin;C:\Program Files (x86)\NVIDIA Corporation\PhysX\Common;C:\ProgramData\Oracle\Java\javapath;C:\WINDOWS\system32;C:\WINDOWS;C:\WINDOWS\System32\Wbem;C:\WINDOWS\System32\WindowsPowerShell\v1.0\;C:\Program Files\PuTTY\;C:\Program Files (x86)\AMD\ATI.ACE\Core-Static;C:\Program Files (x86)\ATI Technologies\ATI.ACE\Core-Static;C:\Program Files\Git\cmd;C:\Program Files\nodejs\;C:\Program Files\Android\Android Studio\jre\jre;C:\Program Files\Java\jdk1.8.0_131\bin;C:\Users\lguerra\AppData\Roaming\npm;C:\Users\lguerra\AppData\Local\Microsoft\WindowsApps;C:\Users\lguerra\AppData\Local\atom\bin;C:\Program Files\Microsoft VS Code\bin;
10 verbose lifecycle express-locallibrary-tutorial@0.0.0~devstart: CWD: C:\Users\lguerra\Desktop\Node\node.js
11 silly lifecycle express-locallibrary-tutorial@0.0.0~devstart: Args: [ '/d /s /c', 'nodemon ./bin/www' ]
12 verbose stack Error: kill ENOSYS
12 verbose stack     at exports._errnoException (util.js:1020:11)
12 verbose stack     at process.kill (internal/process.js:190:13)
12 verbose stack     at process.listener (C:\Program Files\nodejs\node_modules\npm\node_modules\npmlog\node_modules\gauge\node_modules\signal-exit\index.js:86:15)
12 verbose stack     at emitNone (events.js:91:20)
12 verbose stack     at process.emit (events.js:185:7)
12 verbose stack     at processEmit (C:\Program Files\nodejs\node_modules\npm\node_modules\npmlog\node_modules\gauge\node_modules\signal-exit\index.js:146:32)
12 verbose stack     at processEmit (C:\Program Files\nodejs\node_modules\npm\node_modules\npm-registry-client\node_modules\npmlog\node_modules\gauge\node_modules\signal-exit\index.js:146:32)
12 verbose stack     at Signal.wrap.onsignal (internal/process.js:217:44)
13 verbose cwd C:\Users\lguerra\Desktop\Node\node.js
14 error Windows_NT 10.0.16299
15 error argv "C:\\Program Files\\nodejs\\node.exe" "C:\\Program Files\\nodejs\\node_modules\\npm\\bin\\npm-cli.js" "run" "devstart"
16 error node v6.11.2
17 error npm  v3.10.10
18 error code ENOSYS
19 error errno ENOSYS
20 error syscall kill
21 error kill ENOSYS
22 error If you need help, you may report this error at:
22 error     <https://github.com/npm/npm/issues>
23 verbose exit [ 1, true ]
